# JRE version: 7.0_06-b24
# Java VM: Java HotSpot(TM) Client VM (23.2-b09 mixed mode, sharing windows-x86 )
Heap
 def new generation   total 4928K, used 911K [0x28040000, 0x28590000, 0x2d590000)
  eden space 4416K,  15% used [0x28040000, 0x280f0370, 0x28490000)
  from space 512K,  40% used [0x28490000, 0x284c3c80, 0x28510000)
  to   space 512K,   0% used [0x28510000, 0x28510000, 0x28590000)
 tenured generation   total 10944K, used 7484K [0x2d590000, 0x2e040000, 0x38040000)
   the space 10944K,  68% used [0x2d590000, 0x2dcdf048, 0x2dcdf200, 0x2e040000)
 compacting perm gen  total 12288K, used 3082K [0x38040000, 0x38c40000, 0x3c040000)
   the space 12288K,  25% used [0x38040000, 0x38342a28, 0x38342c00, 0x38c40000)
    ro space 10240K,  45% used [0x3c040000, 0x3c4c4988, 0x3c4c4a00, 0x3ca40000)
    rw space 12288K,  54% used [0x3ca40000, 0x3d0c8030, 0x3d0c8200, 0x3d640000)
GC Heap History (10 events):
Event: 19.131 GC heap before
{Heap before GC invocations=5 (full 0):
 def new generation   total 4928K, used 4576K [0x28040000, 0x28590000, 0x2d590000)
  eden space 4416K, 100% used [0x28040000, 0x28490000, 0x28490000)
  from space 512K,  31% used [0x28510000, 0x285381a8, 0x28590000)
  to   space 512K,   0% used [0x28490000, 0x28490000, 0x28510000)
 tenured generation   total 10944K, used 6666K [0x2d590000, 0x2e040000, 0x38040000)
   the space 10944K,  60% used [0x2d590000, 0x2dc12bd8, 0x2dc12c00, 0x2e040000)
 compacting perm gen  total 12288K, used 3041K [0x38040000, 0x38c40000, 0x3c040000)
   the space 12288K,  24% used [0x38040000, 0x38338688, 0x38338800, 0x38c40000)
    ro space 10240K,  45% used [0x3c040000, 0x3c4c4988, 0x3c4c4a00, 0x3ca40000)
    rw space 12288K,  54% used [0x3ca40000, 0x3d0c8030, 0x3d0c8200, 0x3d640000)
Event: 19.137 GC heap after
Heap after GC invocations=6 (full 0):
 def new generation   total 4928K, used 512K [0x28040000, 0x28590000, 0x2d590000)
  eden space 4416K,   0% used [0x28040000, 0x28040000, 0x28490000)
  from space 512K, 100% used [0x28490000, 0x28510000, 0x28510000)
  to   space 512K,   0% used [0x28510000, 0x28510000, 0x28590000)
 tenured generation   total 10944K, used 6986K [0x2d590000, 0x2e040000, 0x38040000)
   the space 10944K,  63% used [0x2d590000, 0x2dc62890, 0x2dc62a00, 0x2e040000)
 compacting perm gen  total 12288K, used 3041K [0x38040000, 0x38c40000, 0x3c040000)
   the space 12288K,  24% used [0x38040000, 0x38338688, 0x38338800, 0x38c40000)
    ro space 10240K,  45% used [0x3c040000, 0x3c4c4988, 0x3c4c4a00, 0x3ca40000)
    rw space 12288K,  54% used [0x3ca40000, 0x3d0c8030, 0x3d0c8200, 0x3d640000)
}
Event: 22.728 GC heap before
{Heap before GC invocations=6 (full 0):
 def new generation   total 4928K, used 4928K [0x28040000, 0x28590000, 0x2d590000)
  eden space 4416K, 100% used [0x28040000, 0x28490000, 0x28490000)
  from space 512K, 100% used [0x28490000, 0x28510000, 0x28510000)
  to   space 512K,   0% used [0x28510000, 0x28510000, 0x28590000)
 tenured generation   total 10944K, used 6986K [0x2d590000, 0x2e040000, 0x38040000)
   the space 10944K,  63% used [0x2d590000, 0x2dc62890, 0x2dc62a00, 0x2e040000)
 compacting perm gen  total 12288K, used 3068K [0x38040000, 0x38c40000, 0x3c040000)
   the space 12288K,  24% used [0x38040000, 0x3833f220, 0x3833f400, 0x38c40000)
    ro space 10240K,  45% used [0x3c040000, 0x3c4c4988, 0x3c4c4a00, 0x3ca40000)
    rw space 12288K,  54% used [0x3ca40000, 0x3d0c8030, 0x3d0c8200, 0x3d640000)
Event: 22.732 GC heap after
Heap after GC invocations=7 (full 0):
 def new generation   total 4928K, used 117K [0x28040000, 0x28590000, 0x2d590000)
  eden space 4416K,   0% used [0x28040000, 0x28040000, 0x28490000)
  from space 512K,  22% used [0x28510000, 0x2852d590, 0x28590000)
  to   space 512K,   0% used [0x28490000, 0x28490000, 0x28510000)
 tenured generation   total 10944K, used 7484K [0x2d590000, 0x2e040000, 0x38040000)
   the space 10944K,  68% used [0x2d590000, 0x2dcdf048, 0x2dcdf200, 0x2e040000)
 compacting perm gen  total 12288K, used 3068K [0x38040000, 0x38c40000, 0x3c040000)
   the space 12288K,  24% used [0x38040000, 0x3833f220, 0x3833f400, 0x38c40000)
    ro space 10240K,  45% used [0x3c040000, 0x3c4c4988, 0x3c4c4a00, 0x3ca40000)
    rw space 12288K,  54% used [0x3ca40000, 0x3d0c8030, 0x3d0c8200, 0x3d640000)
}
Event: 31.539 GC heap before
{Heap before GC invocations=7 (full 0):
 def new generation   total 4928K, used 4533K [0x28040000, 0x28590000, 0x2d590000)
  eden space 4416K, 100% used [0x28040000, 0x28490000, 0x28490000)
  from space 512K,  22% used [0x28510000, 0x2852d590, 0x28590000)
  to   space 512K,   0% used [0x28490000, 0x28490000, 0x28510000)
 tenured generation   total 10944K, used 7484K [0x2d590000, 0x2e040000, 0x38040000)
   the space 10944K,  68% used [0x2d590000, 0x2dcdf048, 0x2dcdf200, 0x2e040000)
 compacting perm gen  total 12288K, used 3074K [0x38040000, 0x38c40000, 0x3c040000)
   the space 12288K,  25% used [0x38040000, 0x38340ae0, 0x38340c00, 0x38c40000)
    ro space 10240K,  45% used [0x3c040000, 0x3c4c4988, 0x3c4c4a00, 0x3ca40000)
    rw space 12288K,  54% used [0x3ca40000, 0x3d0c8030, 0x3d0c8200, 0x3d640000)
Event: 31.541 GC heap after
Heap after GC invocations=8 (full 0):
 def new generation   total 4928K, used 212K [0x28040000, 0x28590000, 0x2d590000)
  eden space 4416K,   0% used [0x28040000, 0x28040000, 0x28490000)
  from space 512K,  41% used [0x28490000, 0x284c51b8, 0x28510000)
  to   space 512K,   0% used [0x28510000, 0x28510000, 0x28590000)
 tenured generation   total 10944K, used 7484K [0x2d590000, 0x2e040000, 0x38040000)
   the space 10944K,  68% used [0x2d590000, 0x2dcdf048, 0x2dcdf200, 0x2e040000)
 compacting perm gen  total 12288K, used 3074K [0x38040000, 0x38c40000, 0x3c040000)
   the space 12288K,  25% used [0x38040000, 0x38340ae0, 0x38340c00, 0x38c40000)
    ro space 10240K,  45% used [0x3c040000, 0x3c4c4988, 0x3c4c4a00, 0x3ca40000)
    rw space 12288K,  54% used [0x3ca40000, 0x3d0c8030, 0x3d0c8200, 0x3d640000)
}
Event: 42.446 GC heap before
{Heap before GC invocations=8 (full 0):
 def new generation   total 4928K, used 4628K [0x28040000, 0x28590000, 0x2d590000)
  eden space 4416K, 100% used [0x28040000, 0x28490000, 0x28490000)
  from space 512K,  41% used [0x28490000, 0x284c51b8, 0x28510000)
  to   space 512K,   0% used [0x28510000, 0x28510000, 0x28590000)
 tenured generation   total 10944K, used 7484K [0x2d590000, 0x2e040000, 0x38040000)
   the space 10944K,  68% used [0x2d590000, 0x2dcdf048, 0x2dcdf200, 0x2e040000)
 compacting perm gen  total 12288K, used 3081K [0x38040000, 0x38c40000, 0x3c040000)
   the space 12288K,  25% used [0x38040000, 0x38342530, 0x38342600, 0x38c40000)
    ro space 10240K,  45% used [0x3c040000, 0x3c4c4988, 0x3c4c4a00, 0x3ca40000)
    rw space 12288K,  54% used [0x3ca40000, 0x3d0c8030, 0x3d0c8200, 0x3d640000)
Event: 42.448 GC heap after
Heap after GC invocations=9 (full 0):
 def new generation   total 4928K, used 231K [0x28040000, 0x28590000, 0x2d590000)
  eden space 4416K,   0% used [0x28040000, 0x28040000, 0x28490000)
  from space 512K,  45% used [0x28510000, 0x28549da8, 0x28590000)
  to   space 512K,   0% used [0x28490000, 0x28490000, 0x28510000)
 tenured generation   total 10944K, used 7484K [0x2d590000, 0x2e040000, 0x38040000)
   the space 10944K,  68% used [0x2d590000, 0x2dcdf048, 0x2dcdf200, 0x2e040000)
 compacting perm gen  total 12288K, used 3081K [0x38040000, 0x38c40000, 0x3c040000)
   the space 12288K,  25% used [0x38040000, 0x38342530, 0x38342600, 0x38c40000)
    ro space 10240K,  45% used [0x3c040000, 0x3c4c4988, 0x3c4c4a00, 0x3ca40000)
    rw space 12288K,  54% used [0x3ca40000, 0x3d0c8030, 0x3d0c8200, 0x3d640000)
}
Event: 53.907 GC heap before
{Heap before GC invocations=9 (full 0):
 def new generation   total 4928K, used 4647K [0x28040000, 0x28590000, 0x2d590000)
  eden space 4416K, 100% used [0x28040000, 0x28490000, 0x28490000)
  from space 512K,  45% used [0x28510000, 0x28549da8, 0x28590000)
  to   space 512K,   0% used [0x28490000, 0x28490000, 0x28510000)
 tenured generation   total 10944K, used 7484K [0x2d590000, 0x2e040000, 0x38040000)
   the space 10944K,  68% used [0x2d590000, 0x2dcdf048, 0x2dcdf200, 0x2e040000)
 compacting perm gen  total 12288K, used 3082K [0x38040000, 0x38c40000, 0x3c040000)
   the space 12288K,  25% used [0x38040000, 0x38342a08, 0x38342c00, 0x38c40000)
    ro space 10240K,  45% used [0x3c040000, 0x3c4c4988, 0x3c4c4a00, 0x3ca40000)
    rw space 12288K,  54% used [0x3ca40000, 0x3d0c8030, 0x3d0c8200, 0x3d640000)
Event: 53.908 GC heap after
Heap after GC invocations=10 (full 0):
 def new generation   total 4928K, used 207K [0x28040000, 0x28590000, 0x2d590000)
  eden space 4416K,   0% used [0x28040000, 0x28040000, 0x28490000)
  from space 512K,  40% used [0x28490000, 0x284c3c80, 0x28510000)
  to   space 512K,   0% used [0x28510000, 0x28510000, 0x28590000)
 tenured generation   total 10944K, used 7484K [0x2d590000, 0x2e040000, 0x38040000)
   the space 10944K,  68% used [0x2d590000, 0x2dcdf048, 0x2dcdf200, 0x2e040000)
 compacting perm gen  total 12288K, used 3082K [0x38040000, 0x38c40000, 0x3c040000)
   the space 12288K,  25% used [0x38040000, 0x38342a08, 0x38342c00, 0x38c40000)
    ro space 10240K,  45% used [0x3c040000, 0x3c4c4988, 0x3c4c4a00, 0x3ca40000)
    rw space 12288K,  54% used [0x3ca40000, 0x3d0c8030, 0x3d0c8200, 0x3d640000)
}

