# JRE version: 7.0_06-b24
# Java VM: Java HotSpot(TM) Client VM (23.2-b09 mixed mode, sharing windows-x86 )
Heap
 def new generation   total 4928K, used 1101K [0x28040000, 0x28590000, 0x2d590000)
  eden space 4416K,  19% used [0x28040000, 0x281179d8, 0x28490000)
  from space 512K,  46% used [0x28510000, 0x2854ba28, 0x28590000)
  to   space 512K,   0% used [0x28490000, 0x28490000, 0x28510000)
 tenured generation   total 10944K, used 10461K [0x2d590000, 0x2e040000, 0x38040000)
   the space 10944K,  95% used [0x2d590000, 0x2dfc7738, 0x2dfc7800, 0x2e040000)
 compacting perm gen  total 12288K, used 3163K [0x38040000, 0x38c40000, 0x3c040000)
   the space 12288K,  25% used [0x38040000, 0x38356d58, 0x38356e00, 0x38c40000)
    ro space 10240K,  45% used [0x3c040000, 0x3c4c4988, 0x3c4c4a00, 0x3ca40000)
    rw space 12288K,  54% used [0x3ca40000, 0x3d0c8030, 0x3d0c8200, 0x3d640000)
GC Heap History (10 events):
Event: 18.827 GC heap before
{Heap before GC invocations=4 (full 0):
 def new generation   total 4928K, used 4928K [0x28040000, 0x28590000, 0x2d590000)
  eden space 4416K, 100% used [0x28040000, 0x28490000, 0x28490000)
  from space 512K, 100% used [0x28490000, 0x28510000, 0x28510000)
  to   space 512K,   0% used [0x28510000, 0x28510000, 0x28590000)
 tenured generation   total 10944K, used 4779K [0x2d590000, 0x2e040000, 0x38040000)
   the space 10944K,  43% used [0x2d590000, 0x2da3af88, 0x2da3b000, 0x2e040000)
 compacting perm gen  total 12288K, used 2921K [0x38040000, 0x38c40000, 0x3c040000)
   the space 12288K,  23% used [0x38040000, 0x3831a410, 0x3831a600, 0x38c40000)
    ro space 10240K,  45% used [0x3c040000, 0x3c4c4988, 0x3c4c4a00, 0x3ca40000)
    rw space 12288K,  54% used [0x3ca40000, 0x3d0c8030, 0x3d0c8200, 0x3d640000)
Event: 18.835 GC heap after
Heap after GC invocations=5 (full 0):
 def new generation   total 4928K, used 512K [0x28040000, 0x28590000, 0x2d590000)
  eden space 4416K,   0% used [0x28040000, 0x28040000, 0x28490000)
  from space 512K, 100% used [0x28510000, 0x28590000, 0x28590000)
  to   space 512K,   0% used [0x28490000, 0x28490000, 0x28510000)
 tenured generation   total 10944K, used 5418K [0x2d590000, 0x2e040000, 0x38040000)
   the space 10944K,  49% used [0x2d590000, 0x2dadab90, 0x2dadac00, 0x2e040000)
 compacting perm gen  total 12288K, used 2921K [0x38040000, 0x38c40000, 0x3c040000)
   the space 12288K,  23% used [0x38040000, 0x3831a410, 0x3831a600, 0x38c40000)
    ro space 10240K,  45% used [0x3c040000, 0x3c4c4988, 0x3c4c4a00, 0x3ca40000)
    rw space 12288K,  54% used [0x3ca40000, 0x3d0c8030, 0x3d0c8200, 0x3d640000)
}
Event: 19.061 GC heap before
{Heap before GC invocations=5 (full 0):
 def new generation   total 4928K, used 3163K [0x28040000, 0x28590000, 0x2d590000)
  eden space 4416K,  60% used [0x28040000, 0x282d6e08, 0x28490000)
  from space 512K, 100% used [0x28510000, 0x28590000, 0x28590000)
  to   space 512K,   0% used [0x28490000, 0x28490000, 0x28510000)
 tenured generation   total 10944K, used 5418K [0x2d590000, 0x2e040000, 0x38040000)
   the space 10944K,  49% used [0x2d590000, 0x2dadab90, 0x2dadac00, 0x2e040000)
 compacting perm gen  total 12288K, used 2995K [0x38040000, 0x38c40000, 0x3c040000)
   the space 12288K,  24% used [0x38040000, 0x3832cef8, 0x3832d000, 0x38c40000)
    ro space 10240K,  45% used [0x3c040000, 0x3c4c4988, 0x3c4c4a00, 0x3ca40000)
    rw space 12288K,  54% used [0x3ca40000, 0x3d0c8030, 0x3d0c8200, 0x3d640000)
Event: 19.066 GC heap after
Heap after GC invocations=6 (full 0):
 def new generation   total 4928K, used 403K [0x28040000, 0x28590000, 0x2d590000)
  eden space 4416K,   0% used [0x28040000, 0x28040000, 0x28490000)
  from space 512K,  78% used [0x28490000, 0x284f4fd0, 0x28510000)
  to   space 512K,   0% used [0x28510000, 0x28510000, 0x28590000)
 tenured generation   total 10944K, used 5876K [0x2d590000, 0x2e040000, 0x38040000)
   the space 10944K,  53% used [0x2d590000, 0x2db4d3f0, 0x2db4d400, 0x2e040000)
 compacting perm gen  total 12288K, used 2995K [0x38040000, 0x38c40000, 0x3c040000)
   the space 12288K,  24% used [0x38040000, 0x3832cef8, 0x3832d000, 0x38c40000)
    ro space 10240K,  45% used [0x3c040000, 0x3c4c4988, 0x3c4c4a00, 0x3ca40000)
    rw space 12288K,  54% used [0x3ca40000, 0x3d0c8030, 0x3d0c8200, 0x3d640000)
}
Event: 19.169 GC heap before
{Heap before GC invocations=6 (full 0):
 def new generation   total 4928K, used 4819K [0x28040000, 0x28590000, 0x2d590000)
  eden space 4416K, 100% used [0x28040000, 0x28490000, 0x28490000)
  from space 512K,  78% used [0x28490000, 0x284f4fd0, 0x28510000)
  to   space 512K,   0% used [0x28510000, 0x28510000, 0x28590000)
 tenured generation   total 10944K, used 5876K [0x2d590000, 0x2e040000, 0x38040000)
   the space 10944K,  53% used [0x2d590000, 0x2db4d3f0, 0x2db4d400, 0x2e040000)
 compacting perm gen  total 12288K, used 3022K [0x38040000, 0x38c40000, 0x3c040000)
   the space 12288K,  24% used [0x38040000, 0x38333ac0, 0x38333c00, 0x38c40000)
    ro space 10240K,  45% used [0x3c040000, 0x3c4c4988, 0x3c4c4a00, 0x3ca40000)
    rw space 12288K,  54% used [0x3ca40000, 0x3d0c8030, 0x3d0c8200, 0x3d640000)
Event: 19.177 GC heap after
Heap after GC invocations=7 (full 0):
 def new generation   total 4928K, used 195K [0x28040000, 0x28590000, 0x2d590000)
  eden space 4416K,   0% used [0x28040000, 0x28040000, 0x28490000)
  from space 512K,  38% used [0x28510000, 0x28540e08, 0x28590000)
  to   space 512K,   0% used [0x28490000, 0x28490000, 0x28510000)
 tenured generation   total 10944K, used 9540K [0x2d590000, 0x2e040000, 0x38040000)
   the space 10944K,  87% used [0x2d590000, 0x2dee1258, 0x2dee1400, 0x2e040000)
 compacting perm gen  total 12288K, used 3022K [0x38040000, 0x38c40000, 0x3c040000)
   the space 12288K,  24% used [0x38040000, 0x38333ac0, 0x38333c00, 0x38c40000)
    ro space 10240K,  45% used [0x3c040000, 0x3c4c4988, 0x3c4c4a00, 0x3ca40000)
    rw space 12288K,  54% used [0x3ca40000, 0x3d0c8030, 0x3d0c8200, 0x3d640000)
}
Event: 22.754 GC heap before
{Heap before GC invocations=7 (full 0):
 def new generation   total 4928K, used 4611K [0x28040000, 0x28590000, 0x2d590000)
  eden space 4416K, 100% used [0x28040000, 0x28490000, 0x28490000)
  from space 512K,  38% used [0x28510000, 0x28540e08, 0x28590000)
  to   space 512K,   0% used [0x28490000, 0x28490000, 0x28510000)
 tenured generation   total 10944K, used 9540K [0x2d590000, 0x2e040000, 0x38040000)
   the space 10944K,  87% used [0x2d590000, 0x2dee1258, 0x2dee1400, 0x2e040000)
 compacting perm gen  total 12288K, used 3159K [0x38040000, 0x38c40000, 0x3c040000)
   the space 12288K,  25% used [0x38040000, 0x38355ef0, 0x38356000, 0x38c40000)
    ro space 10240K,  45% used [0x3c040000, 0x3c4c4988, 0x3c4c4a00, 0x3ca40000)
    rw space 12288K,  54% used [0x3ca40000, 0x3d0c8030, 0x3d0c8200, 0x3d640000)
Event: 22.758 GC heap after
Heap after GC invocations=8 (full 0):
 def new generation   total 4928K, used 512K [0x28040000, 0x28590000, 0x2d590000)
  eden space 4416K,   0% used [0x28040000, 0x28040000, 0x28490000)
  from space 512K, 100% used [0x28490000, 0x28510000, 0x28510000)
  to   space 512K,   0% used [0x28510000, 0x28510000, 0x28590000)
 tenured generation   total 10944K, used 9966K [0x2d590000, 0x2e040000, 0x38040000)
   the space 10944K,  91% used [0x2d590000, 0x2df4ba10, 0x2df4bc00, 0x2e040000)
 compacting perm gen  total 12288K, used 3159K [0x38040000, 0x38c40000, 0x3c040000)
   the space 12288K,  25% used [0x38040000, 0x38355ef0, 0x38356000, 0x38c40000)
    ro space 10240K,  45% used [0x3c040000, 0x3c4c4988, 0x3c4c4a00, 0x3ca40000)
    rw space 12288K,  54% used [0x3ca40000, 0x3d0c8030, 0x3d0c8200, 0x3d640000)
}
Event: 29.721 GC heap before
{Heap before GC invocations=8 (full 0):
 def new generation   total 4928K, used 4928K [0x28040000, 0x28590000, 0x2d590000)
  eden space 4416K, 100% used [0x28040000, 0x28490000, 0x28490000)
  from space 512K, 100% used [0x28490000, 0x28510000, 0x28510000)
  to   space 512K,   0% used [0x28510000, 0x28510000, 0x28590000)
 tenured generation   total 10944K, used 9966K [0x2d590000, 0x2e040000, 0x38040000)
   the space 10944K,  91% used [0x2d590000, 0x2df4ba10, 0x2df4bc00, 0x2e040000)
 compacting perm gen  total 12288K, used 3163K [0x38040000, 0x38c40000, 0x3c040000)
   the space 12288K,  25% used [0x38040000, 0x38356cd8, 0x38356e00, 0x38c40000)
    ro space 10240K,  45% used [0x3c040000, 0x3c4c4988, 0x3c4c4a00, 0x3ca40000)
    rw space 12288K,  54% used [0x3ca40000, 0x3d0c8030, 0x3d0c8200, 0x3d640000)
Event: 29.728 GC heap after
Heap after GC invocations=9 (full 0):
 def new generation   total 4928K, used 238K [0x28040000, 0x28590000, 0x2d590000)
  eden space 4416K,   0% used [0x28040000, 0x28040000, 0x28490000)
  from space 512K,  46% used [0x28510000, 0x2854ba28, 0x28590000)
  to   space 512K,   0% used [0x28490000, 0x28490000, 0x28510000)
 tenured generation   total 10944K, used 10461K [0x2d590000, 0x2e040000, 0x38040000)
   the space 10944K,  95% used [0x2d590000, 0x2dfc7738, 0x2dfc7800, 0x2e040000)
 compacting perm gen  total 12288K, used 3163K [0x38040000, 0x38c40000, 0x3c040000)
   the space 12288K,  25% used [0x38040000, 0x38356cd8, 0x38356e00, 0x38c40000)
    ro space 10240K,  45% used [0x3c040000, 0x3c4c4988, 0x3c4c4a00, 0x3ca40000)
    rw space 12288K,  54% used [0x3ca40000, 0x3d0c8030, 0x3d0c8200, 0x3d640000)
}

