# JRE version: 7.0_06-b24
# Java VM: Java HotSpot(TM) Client VM (23.2-b09 mixed mode, sharing windows-x86 )
Heap
 def new generation   total 4928K, used 4405K [0x28040000, 0x28590000, 0x2d590000)
  eden space 4416K,  90% used [0x28040000, 0x2842c4e0, 0x28490000)
  from space 512K,  75% used [0x28490000, 0x284f1178, 0x28510000)
  to   space 512K,   0% used [0x28510000, 0x28510000, 0x28590000)
 tenured generation   total 10944K, used 9954K [0x2d590000, 0x2e040000, 0x38040000)
   the space 10944K,  90% used [0x2d590000, 0x2df48be0, 0x2df48c00, 0x2e040000)
 compacting perm gen  total 12288K, used 3172K [0x38040000, 0x38c40000, 0x3c040000)
   the space 12288K,  25% used [0x38040000, 0x383591d0, 0x38359200, 0x38c40000)
    ro space 10240K,  45% used [0x3c040000, 0x3c4c4988, 0x3c4c4a00, 0x3ca40000)
    rw space 12288K,  54% used [0x3ca40000, 0x3d0c8030, 0x3d0c8200, 0x3d640000)
GC Heap History (10 events):
Event: 17.792 GC heap before
{Heap before GC invocations=7 (full 0):
 def new generation   total 4928K, used 4923K [0x28040000, 0x28590000, 0x2d590000)
  eden space 4416K,  99% used [0x28040000, 0x2848ef30, 0x28490000)
  from space 512K, 100% used [0x28510000, 0x28590000, 0x28590000)
  to   space 512K,   0% used [0x28490000, 0x28490000, 0x28510000)
 tenured generation   total 10944K, used 8852K [0x2d590000, 0x2e040000, 0x38040000)
   the space 10944K,  80% used [0x2d590000, 0x2de35358, 0x2de35400, 0x2e040000)
 compacting perm gen  total 12288K, used 3096K [0x38040000, 0x38c40000, 0x3c040000)
   the space 12288K,  25% used [0x38040000, 0x38346160, 0x38346200, 0x38c40000)
    ro space 10240K,  45% used [0x3c040000, 0x3c4c4988, 0x3c4c4a00, 0x3ca40000)
    rw space 12288K,  54% used [0x3ca40000, 0x3d0c8030, 0x3d0c8200, 0x3d640000)
Event: 17.794 GC heap after
Heap after GC invocations=8 (full 0):
 def new generation   total 4928K, used 157K [0x28040000, 0x28590000, 0x2d590000)
  eden space 4416K,   0% used [0x28040000, 0x28040000, 0x28490000)
  from space 512K,  30% used [0x28490000, 0x284b7680, 0x28510000)
  to   space 512K,   0% used [0x28510000, 0x28510000, 0x28590000)
 tenured generation   total 10944K, used 9351K [0x2d590000, 0x2e040000, 0x38040000)
   the space 10944K,  85% used [0x2d590000, 0x2deb1c90, 0x2deb1e00, 0x2e040000)
 compacting perm gen  total 12288K, used 3096K [0x38040000, 0x38c40000, 0x3c040000)
   the space 12288K,  25% used [0x38040000, 0x38346160, 0x38346200, 0x38c40000)
    ro space 10240K,  45% used [0x3c040000, 0x3c4c4988, 0x3c4c4a00, 0x3ca40000)
    rw space 12288K,  54% used [0x3ca40000, 0x3d0c8030, 0x3d0c8200, 0x3d640000)
}
Event: 19.620 GC heap before
{Heap before GC invocations=8 (full 0):
 def new generation   total 4928K, used 4573K [0x28040000, 0x28590000, 0x2d590000)
  eden space 4416K, 100% used [0x28040000, 0x28490000, 0x28490000)
  from space 512K,  30% used [0x28490000, 0x284b7680, 0x28510000)
  to   space 512K,   0% used [0x28510000, 0x28510000, 0x28590000)
 tenured generation   total 10944K, used 9351K [0x2d590000, 0x2e040000, 0x38040000)
   the space 10944K,  85% used [0x2d590000, 0x2deb1c90, 0x2deb1e00, 0x2e040000)
 compacting perm gen  total 12288K, used 3159K [0x38040000, 0x38c40000, 0x3c040000)
   the space 12288K,  25% used [0x38040000, 0x38355d98, 0x38355e00, 0x38c40000)
    ro space 10240K,  45% used [0x3c040000, 0x3c4c4988, 0x3c4c4a00, 0x3ca40000)
    rw space 12288K,  54% used [0x3ca40000, 0x3d0c8030, 0x3d0c8200, 0x3d640000)
Event: 19.623 GC heap after
Heap after GC invocations=9 (full 0):
 def new generation   total 4928K, used 512K [0x28040000, 0x28590000, 0x2d590000)
  eden space 4416K,   0% used [0x28040000, 0x28040000, 0x28490000)
  from space 512K, 100% used [0x28510000, 0x28590000, 0x28590000)
  to   space 512K,   0% used [0x28490000, 0x28490000, 0x28510000)
 tenured generation   total 10944K, used 9453K [0x2d590000, 0x2e040000, 0x38040000)
   the space 10944K,  86% used [0x2d590000, 0x2decb578, 0x2decb600, 0x2e040000)
 compacting perm gen  total 12288K, used 3159K [0x38040000, 0x38c40000, 0x3c040000)
   the space 12288K,  25% used [0x38040000, 0x38355d98, 0x38355e00, 0x38c40000)
    ro space 10240K,  45% used [0x3c040000, 0x3c4c4988, 0x3c4c4a00, 0x3ca40000)
    rw space 12288K,  54% used [0x3ca40000, 0x3d0c8030, 0x3d0c8200, 0x3d640000)
}
Event: 27.964 GC heap before
{Heap before GC invocations=9 (full 0):
 def new generation   total 4928K, used 4928K [0x28040000, 0x28590000, 0x2d590000)
  eden space 4416K, 100% used [0x28040000, 0x28490000, 0x28490000)
  from space 512K, 100% used [0x28510000, 0x28590000, 0x28590000)
  to   space 512K,   0% used [0x28490000, 0x28490000, 0x28510000)
 tenured generation   total 10944K, used 9453K [0x2d590000, 0x2e040000, 0x38040000)
   the space 10944K,  86% used [0x2d590000, 0x2decb578, 0x2decb600, 0x2e040000)
 compacting perm gen  total 12288K, used 3161K [0x38040000, 0x38c40000, 0x3c040000)
   the space 12288K,  25% used [0x38040000, 0x38356788, 0x38356800, 0x38c40000)
    ro space 10240K,  45% used [0x3c040000, 0x3c4c4988, 0x3c4c4a00, 0x3ca40000)
    rw space 12288K,  54% used [0x3ca40000, 0x3d0c8030, 0x3d0c8200, 0x3d640000)
Event: 27.967 GC heap after
Heap after GC invocations=10 (full 0):
 def new generation   total 4928K, used 137K [0x28040000, 0x28590000, 0x2d590000)
  eden space 4416K,   0% used [0x28040000, 0x28040000, 0x28490000)
  from space 512K,  26% used [0x28490000, 0x284b2638, 0x28510000)
  to   space 512K,   0% used [0x28510000, 0x28510000, 0x28590000)
 tenured generation   total 10944K, used 9954K [0x2d590000, 0x2e040000, 0x38040000)
   the space 10944K,  90% used [0x2d590000, 0x2df48be0, 0x2df48c00, 0x2e040000)
 compacting perm gen  total 12288K, used 3161K [0x38040000, 0x38c40000, 0x3c040000)
   the space 12288K,  25% used [0x38040000, 0x38356788, 0x38356800, 0x38c40000)
    ro space 10240K,  45% used [0x3c040000, 0x3c4c4988, 0x3c4c4a00, 0x3ca40000)
    rw space 12288K,  54% used [0x3ca40000, 0x3d0c8030, 0x3d0c8200, 0x3d640000)
}
Event: 43.493 GC heap before
{Heap before GC invocations=10 (full 0):
 def new generation   total 4928K, used 4553K [0x28040000, 0x28590000, 0x2d590000)
  eden space 4416K, 100% used [0x28040000, 0x28490000, 0x28490000)
  from space 512K,  26% used [0x28490000, 0x284b2638, 0x28510000)
  to   space 512K,   0% used [0x28510000, 0x28510000, 0x28590000)
 tenured generation   total 10944K, used 9954K [0x2d590000, 0x2e040000, 0x38040000)
   the space 10944K,  90% used [0x2d590000, 0x2df48be0, 0x2df48c00, 0x2e040000)
 compacting perm gen  total 12288K, used 3163K [0x38040000, 0x38c40000, 0x3c040000)
   the space 12288K,  25% used [0x38040000, 0x38356c50, 0x38356e00, 0x38c40000)
    ro space 10240K,  45% used [0x3c040000, 0x3c4c4988, 0x3c4c4a00, 0x3ca40000)
    rw space 12288K,  54% used [0x3ca40000, 0x3d0c8030, 0x3d0c8200, 0x3d640000)
Event: 43.495 GC heap after
Heap after GC invocations=11 (full 0):
 def new generation   total 4928K, used 206K [0x28040000, 0x28590000, 0x2d590000)
  eden space 4416K,   0% used [0x28040000, 0x28040000, 0x28490000)
  from space 512K,  40% used [0x28510000, 0x285439f0, 0x28590000)
  to   space 512K,   0% used [0x28490000, 0x28490000, 0x28510000)
 tenured generation   total 10944K, used 9954K [0x2d590000, 0x2e040000, 0x38040000)
   the space 10944K,  90% used [0x2d590000, 0x2df48be0, 0x2df48c00, 0x2e040000)
 compacting perm gen  total 12288K, used 3163K [0x38040000, 0x38c40000, 0x3c040000)
   the space 12288K,  25% used [0x38040000, 0x38356c50, 0x38356e00, 0x38c40000)
    ro space 10240K,  45% used [0x3c040000, 0x3c4c4988, 0x3c4c4a00, 0x3ca40000)
    rw space 12288K,  54% used [0x3ca40000, 0x3d0c8030, 0x3d0c8200, 0x3d640000)
}
Event: 69.307 GC heap before
{Heap before GC invocations=11 (full 0):
 def new generation   total 4928K, used 4622K [0x28040000, 0x28590000, 0x2d590000)
  eden space 4416K, 100% used [0x28040000, 0x28490000, 0x28490000)
  from space 512K,  40% used [0x28510000, 0x285439f0, 0x28590000)
  to   space 512K,   0% used [0x28490000, 0x28490000, 0x28510000)
 tenured generation   total 10944K, used 9954K [0x2d590000, 0x2e040000, 0x38040000)
   the space 10944K,  90% used [0x2d590000, 0x2df48be0, 0x2df48c00, 0x2e040000)
 compacting perm gen  total 12288K, used 3168K [0x38040000, 0x38c40000, 0x3c040000)
   the space 12288K,  25% used [0x38040000, 0x38358360, 0x38358400, 0x38c40000)
    ro space 10240K,  45% used [0x3c040000, 0x3c4c4988, 0x3c4c4a00, 0x3ca40000)
    rw space 12288K,  54% used [0x3ca40000, 0x3d0c8030, 0x3d0c8200, 0x3d640000)
Event: 69.310 GC heap after
Heap after GC invocations=12 (full 0):
 def new generation   total 4928K, used 388K [0x28040000, 0x28590000, 0x2d590000)
  eden space 4416K,   0% used [0x28040000, 0x28040000, 0x28490000)
  from space 512K,  75% used [0x28490000, 0x284f1178, 0x28510000)
  to   space 512K,   0% used [0x28510000, 0x28510000, 0x28590000)
 tenured generation   total 10944K, used 9954K [0x2d590000, 0x2e040000, 0x38040000)
   the space 10944K,  90% used [0x2d590000, 0x2df48be0, 0x2df48c00, 0x2e040000)
 compacting perm gen  total 12288K, used 3168K [0x38040000, 0x38c40000, 0x3c040000)
   the space 12288K,  25% used [0x38040000, 0x38358360, 0x38358400, 0x38c40000)
    ro space 10240K,  45% used [0x3c040000, 0x3c4c4988, 0x3c4c4a00, 0x3ca40000)
    rw space 12288K,  54% used [0x3ca40000, 0x3d0c8030, 0x3d0c8200, 0x3d640000)
}

