# JRE version: 7.0_06-b24
# Java VM: Java HotSpot(TM) Client VM (23.2-b09 mixed mode, sharing windows-x86 )
Heap
 def new generation   total 4992K, used 4158K [0x28040000, 0x285a0000, 0x2d590000)
  eden space 4480K,  88% used [0x28040000, 0x28420708, 0x284a0000)
  from space 512K,  36% used [0x28520000, 0x2854f4d0, 0x285a0000)
  to   space 512K,   0% used [0x284a0000, 0x284a0000, 0x28520000)
 tenured generation   total 10944K, used 9459K [0x2d590000, 0x2e040000, 0x38040000)
   the space 10944K,  86% used [0x2d590000, 0x2decce48, 0x2decd000, 0x2e040000)
 compacting perm gen  total 12288K, used 3237K [0x38040000, 0x38c40000, 0x3c040000)
   the space 12288K,  26% used [0x38040000, 0x383694f0, 0x38369600, 0x38c40000)
    ro space 10240K,  45% used [0x3c040000, 0x3c4c4988, 0x3c4c4a00, 0x3ca40000)
    rw space 12288K,  54% used [0x3ca40000, 0x3d0c8030, 0x3d0c8200, 0x3d640000)
GC Heap History (10 events):
Event: 188.372 GC heap before
{Heap before GC invocations=16 (full 1):
 def new generation   total 4992K, used 4992K [0x28040000, 0x285a0000, 0x2d590000)
  eden space 4480K, 100% used [0x28040000, 0x284a0000, 0x284a0000)
  from space 512K, 100% used [0x284a0000, 0x28520000, 0x28520000)
  to   space 512K,   0% used [0x28520000, 0x28520000, 0x285a0000)
 tenured generation   total 10944K, used 8791K [0x2d590000, 0x2e040000, 0x38040000)
   the space 10944K,  80% used [0x2d590000, 0x2de25ea8, 0x2de26000, 0x2e040000)
 compacting perm gen  total 12288K, used 3227K [0x38040000, 0x38c40000, 0x3c040000)
   the space 12288K,  26% used [0x38040000, 0x38366d80, 0x38366e00, 0x38c40000)
    ro space 10240K,  45% used [0x3c040000, 0x3c4c4988, 0x3c4c4a00, 0x3ca40000)
    rw space 12288K,  54% used [0x3ca40000, 0x3d0c8030, 0x3d0c8200, 0x3d640000)
Event: 188.378 GC heap after
Heap after GC invocations=17 (full 1):
 def new generation   total 4992K, used 296K [0x28040000, 0x285a0000, 0x2d590000)
  eden space 4480K,   0% used [0x28040000, 0x28040000, 0x284a0000)
  from space 512K,  57% used [0x28520000, 0x2856a320, 0x285a0000)
  to   space 512K,   0% used [0x284a0000, 0x284a0000, 0x28520000)
 tenured generation   total 10944K, used 9174K [0x2d590000, 0x2e040000, 0x38040000)
   the space 10944K,  83% used [0x2d590000, 0x2de85ba8, 0x2de85c00, 0x2e040000)
 compacting perm gen  total 12288K, used 3227K [0x38040000, 0x38c40000, 0x3c040000)
   the space 12288K,  26% used [0x38040000, 0x38366d80, 0x38366e00, 0x38c40000)
    ro space 10240K,  45% used [0x3c040000, 0x3c4c4988, 0x3c4c4a00, 0x3ca40000)
    rw space 12288K,  54% used [0x3ca40000, 0x3d0c8030, 0x3d0c8200, 0x3d640000)
}
Event: 199.777 GC heap before
{Heap before GC invocations=17 (full 1):
 def new generation   total 4992K, used 4776K [0x28040000, 0x285a0000, 0x2d590000)
  eden space 4480K, 100% used [0x28040000, 0x284a0000, 0x284a0000)
  from space 512K,  57% used [0x28520000, 0x2856a320, 0x285a0000)
  to   space 512K,   0% used [0x284a0000, 0x284a0000, 0x28520000)
 tenured generation   total 10944K, used 9174K [0x2d590000, 0x2e040000, 0x38040000)
   the space 10944K,  83% used [0x2d590000, 0x2de85ba8, 0x2de85c00, 0x2e040000)
 compacting perm gen  total 12288K, used 3227K [0x38040000, 0x38c40000, 0x3c040000)
   the space 12288K,  26% used [0x38040000, 0x38366ef0, 0x38367000, 0x38c40000)
    ro space 10240K,  45% used [0x3c040000, 0x3c4c4988, 0x3c4c4a00, 0x3ca40000)
    rw space 12288K,  54% used [0x3ca40000, 0x3d0c8030, 0x3d0c8200, 0x3d640000)
Event: 199.781 GC heap after
Heap after GC invocations=18 (full 1):
 def new generation   total 4992K, used 75K [0x28040000, 0x285a0000, 0x2d590000)
  eden space 4480K,   0% used [0x28040000, 0x28040000, 0x284a0000)
  from space 512K,  14% used [0x284a0000, 0x284b2f90, 0x28520000)
  to   space 512K,   0% used [0x28520000, 0x28520000, 0x285a0000)
 tenured generation   total 10944K, used 9459K [0x2d590000, 0x2e040000, 0x38040000)
   the space 10944K,  86% used [0x2d590000, 0x2decce48, 0x2decd000, 0x2e040000)
 compacting perm gen  total 12288K, used 3227K [0x38040000, 0x38c40000, 0x3c040000)
   the space 12288K,  26% used [0x38040000, 0x38366ef0, 0x38367000, 0x38c40000)
    ro space 10240K,  45% used [0x3c040000, 0x3c4c4988, 0x3c4c4a00, 0x3ca40000)
    rw space 12288K,  54% used [0x3ca40000, 0x3d0c8030, 0x3d0c8200, 0x3d640000)
}
Event: 210.064 GC heap before
{Heap before GC invocations=18 (full 1):
 def new generation   total 4992K, used 4555K [0x28040000, 0x285a0000, 0x2d590000)
  eden space 4480K, 100% used [0x28040000, 0x284a0000, 0x284a0000)
  from space 512K,  14% used [0x284a0000, 0x284b2f90, 0x28520000)
  to   space 512K,   0% used [0x28520000, 0x28520000, 0x285a0000)
 tenured generation   total 10944K, used 9459K [0x2d590000, 0x2e040000, 0x38040000)
   the space 10944K,  86% used [0x2d590000, 0x2decce48, 0x2decd000, 0x2e040000)
 compacting perm gen  total 12288K, used 3230K [0x38040000, 0x38c40000, 0x3c040000)
   the space 12288K,  26% used [0x38040000, 0x38367950, 0x38367a00, 0x38c40000)
    ro space 10240K,  45% used [0x3c040000, 0x3c4c4988, 0x3c4c4a00, 0x3ca40000)
    rw space 12288K,  54% used [0x3ca40000, 0x3d0c8030, 0x3d0c8200, 0x3d640000)
Event: 210.067 GC heap after
Heap after GC invocations=19 (full 1):
 def new generation   total 4992K, used 186K [0x28040000, 0x285a0000, 0x2d590000)
  eden space 4480K,   0% used [0x28040000, 0x28040000, 0x284a0000)
  from space 512K,  36% used [0x28520000, 0x2854e9e0, 0x285a0000)
  to   space 512K,   0% used [0x284a0000, 0x284a0000, 0x28520000)
 tenured generation   total 10944K, used 9459K [0x2d590000, 0x2e040000, 0x38040000)
   the space 10944K,  86% used [0x2d590000, 0x2decce48, 0x2decd000, 0x2e040000)
 compacting perm gen  total 12288K, used 3230K [0x38040000, 0x38c40000, 0x3c040000)
   the space 12288K,  26% used [0x38040000, 0x38367950, 0x38367a00, 0x38c40000)
    ro space 10240K,  45% used [0x3c040000, 0x3c4c4988, 0x3c4c4a00, 0x3ca40000)
    rw space 12288K,  54% used [0x3ca40000, 0x3d0c8030, 0x3d0c8200, 0x3d640000)
}
Event: 224.798 GC heap before
{Heap before GC invocations=19 (full 1):
 def new generation   total 4992K, used 4666K [0x28040000, 0x285a0000, 0x2d590000)
  eden space 4480K, 100% used [0x28040000, 0x284a0000, 0x284a0000)
  from space 512K,  36% used [0x28520000, 0x2854e9e0, 0x285a0000)
  to   space 512K,   0% used [0x284a0000, 0x284a0000, 0x28520000)
 tenured generation   total 10944K, used 9459K [0x2d590000, 0x2e040000, 0x38040000)
   the space 10944K,  86% used [0x2d590000, 0x2decce48, 0x2decd000, 0x2e040000)
 compacting perm gen  total 12288K, used 3233K [0x38040000, 0x38c40000, 0x3c040000)
   the space 12288K,  26% used [0x38040000, 0x38368790, 0x38368800, 0x38c40000)
    ro space 10240K,  45% used [0x3c040000, 0x3c4c4988, 0x3c4c4a00, 0x3ca40000)
    rw space 12288K,  54% used [0x3ca40000, 0x3d0c8030, 0x3d0c8200, 0x3d640000)
Event: 224.801 GC heap after
Heap after GC invocations=20 (full 1):
 def new generation   total 4992K, used 201K [0x28040000, 0x285a0000, 0x2d590000)
  eden space 4480K,   0% used [0x28040000, 0x28040000, 0x284a0000)
  from space 512K,  39% used [0x284a0000, 0x284d2790, 0x28520000)
  to   space 512K,   0% used [0x28520000, 0x28520000, 0x285a0000)
 tenured generation   total 10944K, used 9459K [0x2d590000, 0x2e040000, 0x38040000)
   the space 10944K,  86% used [0x2d590000, 0x2decce48, 0x2decd000, 0x2e040000)
 compacting perm gen  total 12288K, used 3233K [0x38040000, 0x38c40000, 0x3c040000)
   the space 12288K,  26% used [0x38040000, 0x38368790, 0x38368800, 0x38c40000)
    ro space 10240K,  45% used [0x3c040000, 0x3c4c4988, 0x3c4c4a00, 0x3ca40000)
    rw space 12288K,  54% used [0x3ca40000, 0x3d0c8030, 0x3d0c8200, 0x3d640000)
}
Event: 235.773 GC heap before
{Heap before GC invocations=20 (full 1):
 def new generation   total 4992K, used 4681K [0x28040000, 0x285a0000, 0x2d590000)
  eden space 4480K, 100% used [0x28040000, 0x284a0000, 0x284a0000)
  from space 512K,  39% used [0x284a0000, 0x284d2790, 0x28520000)
  to   space 512K,   0% used [0x28520000, 0x28520000, 0x285a0000)
 tenured generation   total 10944K, used 9459K [0x2d590000, 0x2e040000, 0x38040000)
   the space 10944K,  86% used [0x2d590000, 0x2decce48, 0x2decd000, 0x2e040000)
 compacting perm gen  total 12288K, used 3237K [0x38040000, 0x38c40000, 0x3c040000)
   the space 12288K,  26% used [0x38040000, 0x383694a0, 0x38369600, 0x38c40000)
    ro space 10240K,  45% used [0x3c040000, 0x3c4c4988, 0x3c4c4a00, 0x3ca40000)
    rw space 12288K,  54% used [0x3ca40000, 0x3d0c8030, 0x3d0c8200, 0x3d640000)
Event: 235.775 GC heap after
Heap after GC invocations=21 (full 1):
 def new generation   total 4992K, used 189K [0x28040000, 0x285a0000, 0x2d590000)
  eden space 4480K,   0% used [0x28040000, 0x28040000, 0x284a0000)
  from space 512K,  36% used [0x28520000, 0x2854f4d0, 0x285a0000)
  to   space 512K,   0% used [0x284a0000, 0x284a0000, 0x28520000)
 tenured generation   total 10944K, used 9459K [0x2d590000, 0x2e040000, 0x38040000)
   the space 10944K,  86% used [0x2d590000, 0x2decce48, 0x2decd000, 0x2e040000)
 compacting perm gen  total 12288K, used 3237K [0x38040000, 0x38c40000, 0x3c040000)
   the space 12288K,  26% used [0x38040000, 0x383694a0, 0x38369600, 0x38c40000)
    ro space 10240K,  45% used [0x3c040000, 0x3c4c4988, 0x3c4c4a00, 0x3ca40000)
    rw space 12288K,  54% used [0x3ca40000, 0x3d0c8030, 0x3d0c8200, 0x3d640000)
}

