# JRE version: 7.0_06-b24
# Java VM: Java HotSpot(TM) Client VM (23.2-b09 mixed mode, sharing windows-x86 )
Heap
 def new generation   total 4992K, used 2235K [0x28040000, 0x285a0000, 0x2d590000)
  eden space 4480K,  44% used [0x28040000, 0x28232568, 0x284a0000)
  from space 512K,  47% used [0x284a0000, 0x284dc828, 0x28520000)
  to   space 512K,   0% used [0x28520000, 0x28520000, 0x285a0000)
 tenured generation   total 10944K, used 8027K [0x2d590000, 0x2e040000, 0x38040000)
   the space 10944K,  73% used [0x2d590000, 0x2dd66c30, 0x2dd66e00, 0x2e040000)
 compacting perm gen  total 12288K, used 3282K [0x38040000, 0x38c40000, 0x3c040000)
   the space 12288K,  26% used [0x38040000, 0x38374b20, 0x38374c00, 0x38c40000)
    ro space 10240K,  45% used [0x3c040000, 0x3c4c4988, 0x3c4c4a00, 0x3ca40000)
    rw space 12288K,  54% used [0x3ca40000, 0x3d0c8030, 0x3d0c8200, 0x3d640000)
GC Heap History (10 events):
Event: 96.983 GC heap before
{Heap before GC invocations=14 (full 1):
 def new generation   total 4992K, used 4992K [0x28040000, 0x285a0000, 0x2d590000)
  eden space 4480K, 100% used [0x28040000, 0x284a0000, 0x284a0000)
  from space 512K, 100% used [0x28520000, 0x285a0000, 0x285a0000)
  to   space 512K,   0% used [0x284a0000, 0x284a0000, 0x28520000)
 tenured generation   total 10944K, used 6549K [0x2d590000, 0x2e040000, 0x38040000)
   the space 10944K,  59% used [0x2d590000, 0x2dbf5528, 0x2dbf5600, 0x2e040000)
 compacting perm gen  total 12288K, used 3272K [0x38040000, 0x38c40000, 0x3c040000)
   the space 12288K,  26% used [0x38040000, 0x38372068, 0x38372200, 0x38c40000)
    ro space 10240K,  45% used [0x3c040000, 0x3c4c4988, 0x3c4c4a00, 0x3ca40000)
    rw space 12288K,  54% used [0x3ca40000, 0x3d0c8030, 0x3d0c8200, 0x3d640000)
Event: 96.986 GC heap after
Heap after GC invocations=15 (full 1):
 def new generation   total 4992K, used 430K [0x28040000, 0x285a0000, 0x2d590000)
  eden space 4480K,   0% used [0x28040000, 0x28040000, 0x284a0000)
  from space 512K,  83% used [0x284a0000, 0x2850b830, 0x28520000)
  to   space 512K,   0% used [0x28520000, 0x28520000, 0x285a0000)
 tenured generation   total 10944K, used 7046K [0x2d590000, 0x2e040000, 0x38040000)
   the space 10944K,  64% used [0x2d590000, 0x2dc71b40, 0x2dc71c00, 0x2e040000)
 compacting perm gen  total 12288K, used 3272K [0x38040000, 0x38c40000, 0x3c040000)
   the space 12288K,  26% used [0x38040000, 0x38372068, 0x38372200, 0x38c40000)
    ro space 10240K,  45% used [0x3c040000, 0x3c4c4988, 0x3c4c4a00, 0x3ca40000)
    rw space 12288K,  54% used [0x3ca40000, 0x3d0c8030, 0x3d0c8200, 0x3d640000)
}
Event: 98.035 GC heap before
{Heap before GC invocations=15 (full 1):
 def new generation   total 4992K, used 4910K [0x28040000, 0x285a0000, 0x2d590000)
  eden space 4480K, 100% used [0x28040000, 0x284a0000, 0x284a0000)
  from space 512K,  83% used [0x284a0000, 0x2850b830, 0x28520000)
  to   space 512K,   0% used [0x28520000, 0x28520000, 0x285a0000)
 tenured generation   total 10944K, used 7046K [0x2d590000, 0x2e040000, 0x38040000)
   the space 10944K,  64% used [0x2d590000, 0x2dc71b40, 0x2dc71c00, 0x2e040000)
 compacting perm gen  total 12288K, used 3278K [0x38040000, 0x38c40000, 0x3c040000)
   the space 12288K,  26% used [0x38040000, 0x38373b70, 0x38373c00, 0x38c40000)
    ro space 10240K,  45% used [0x3c040000, 0x3c4c4988, 0x3c4c4a00, 0x3ca40000)
    rw space 12288K,  54% used [0x3ca40000, 0x3d0c8030, 0x3d0c8200, 0x3d640000)
Event: 98.039 GC heap after
Heap after GC invocations=16 (full 1):
 def new generation   total 4992K, used 361K [0x28040000, 0x285a0000, 0x2d590000)
  eden space 4480K,   0% used [0x28040000, 0x28040000, 0x284a0000)
  from space 512K,  70% used [0x28520000, 0x2857a550, 0x285a0000)
  to   space 512K,   0% used [0x284a0000, 0x284a0000, 0x28520000)
 tenured generation   total 10944K, used 7348K [0x2d590000, 0x2e040000, 0x38040000)
   the space 10944K,  67% used [0x2d590000, 0x2dcbd280, 0x2dcbd400, 0x2e040000)
 compacting perm gen  total 12288K, used 3278K [0x38040000, 0x38c40000, 0x3c040000)
   the space 12288K,  26% used [0x38040000, 0x38373b70, 0x38373c00, 0x38c40000)
    ro space 10240K,  45% used [0x3c040000, 0x3c4c4988, 0x3c4c4a00, 0x3ca40000)
    rw space 12288K,  54% used [0x3ca40000, 0x3d0c8030, 0x3d0c8200, 0x3d640000)
}
Event: 112.615 GC heap before
{Heap before GC invocations=16 (full 1):
 def new generation   total 4992K, used 4841K [0x28040000, 0x285a0000, 0x2d590000)
  eden space 4480K, 100% used [0x28040000, 0x284a0000, 0x284a0000)
  from space 512K,  70% used [0x28520000, 0x2857a550, 0x285a0000)
  to   space 512K,   0% used [0x284a0000, 0x284a0000, 0x28520000)
 tenured generation   total 10944K, used 7348K [0x2d590000, 0x2e040000, 0x38040000)
   the space 10944K,  67% used [0x2d590000, 0x2dcbd280, 0x2dcbd400, 0x2e040000)
 compacting perm gen  total 12288K, used 3280K [0x38040000, 0x38c40000, 0x3c040000)
   the space 12288K,  26% used [0x38040000, 0x383742c0, 0x38374400, 0x38c40000)
    ro space 10240K,  45% used [0x3c040000, 0x3c4c4988, 0x3c4c4a00, 0x3ca40000)
    rw space 12288K,  54% used [0x3ca40000, 0x3d0c8030, 0x3d0c8200, 0x3d640000)
Event: 112.618 GC heap after
Heap after GC invocations=17 (full 1):
 def new generation   total 4992K, used 356K [0x28040000, 0x285a0000, 0x2d590000)
  eden space 4480K,   0% used [0x28040000, 0x28040000, 0x284a0000)
  from space 512K,  69% used [0x284a0000, 0x284f9318, 0x28520000)
  to   space 512K,   0% used [0x28520000, 0x28520000, 0x285a0000)
 tenured generation   total 10944K, used 7695K [0x2d590000, 0x2e040000, 0x38040000)
   the space 10944K,  70% used [0x2d590000, 0x2dd13fd0, 0x2dd14000, 0x2e040000)
 compacting perm gen  total 12288K, used 3280K [0x38040000, 0x38c40000, 0x3c040000)
   the space 12288K,  26% used [0x38040000, 0x383742c0, 0x38374400, 0x38c40000)
    ro space 10240K,  45% used [0x3c040000, 0x3c4c4988, 0x3c4c4a00, 0x3ca40000)
    rw space 12288K,  54% used [0x3ca40000, 0x3d0c8030, 0x3d0c8200, 0x3d640000)
}
Event: 129.055 GC heap before
{Heap before GC invocations=17 (full 1):
 def new generation   total 4992K, used 4836K [0x28040000, 0x285a0000, 0x2d590000)
  eden space 4480K, 100% used [0x28040000, 0x284a0000, 0x284a0000)
  from space 512K,  69% used [0x284a0000, 0x284f9318, 0x28520000)
  to   space 512K,   0% used [0x28520000, 0x28520000, 0x285a0000)
 tenured generation   total 10944K, used 7695K [0x2d590000, 0x2e040000, 0x38040000)
   the space 10944K,  70% used [0x2d590000, 0x2dd13fd0, 0x2dd14000, 0x2e040000)
 compacting perm gen  total 12288K, used 3282K [0x38040000, 0x38c40000, 0x3c040000)
   the space 12288K,  26% used [0x38040000, 0x38374aa0, 0x38374c00, 0x38c40000)
    ro space 10240K,  45% used [0x3c040000, 0x3c4c4988, 0x3c4c4a00, 0x3ca40000)
    rw space 12288K,  54% used [0x3ca40000, 0x3d0c8030, 0x3d0c8200, 0x3d640000)
Event: 129.058 GC heap after
Heap after GC invocations=18 (full 1):
 def new generation   total 4992K, used 254K [0x28040000, 0x285a0000, 0x2d590000)
  eden space 4480K,   0% used [0x28040000, 0x28040000, 0x284a0000)
  from space 512K,  49% used [0x28520000, 0x2855f9f0, 0x285a0000)
  to   space 512K,   0% used [0x284a0000, 0x284a0000, 0x28520000)
 tenured generation   total 10944K, used 8027K [0x2d590000, 0x2e040000, 0x38040000)
   the space 10944K,  73% used [0x2d590000, 0x2dd66c30, 0x2dd66e00, 0x2e040000)
 compacting perm gen  total 12288K, used 3282K [0x38040000, 0x38c40000, 0x3c040000)
   the space 12288K,  26% used [0x38040000, 0x38374aa0, 0x38374c00, 0x38c40000)
    ro space 10240K,  45% used [0x3c040000, 0x3c4c4988, 0x3c4c4a00, 0x3ca40000)
    rw space 12288K,  54% used [0x3ca40000, 0x3d0c8030, 0x3d0c8200, 0x3d640000)
}
Event: 151.933 GC heap before
{Heap before GC invocations=18 (full 1):
 def new generation   total 4992K, used 4734K [0x28040000, 0x285a0000, 0x2d590000)
  eden space 4480K, 100% used [0x28040000, 0x284a0000, 0x284a0000)
  from space 512K,  49% used [0x28520000, 0x2855f9f0, 0x285a0000)
  to   space 512K,   0% used [0x284a0000, 0x284a0000, 0x28520000)
 tenured generation   total 10944K, used 8027K [0x2d590000, 0x2e040000, 0x38040000)
   the space 10944K,  73% used [0x2d590000, 0x2dd66c30, 0x2dd66e00, 0x2e040000)
 compacting perm gen  total 12288K, used 3282K [0x38040000, 0x38c40000, 0x3c040000)
   the space 12288K,  26% used [0x38040000, 0x38374b20, 0x38374c00, 0x38c40000)
    ro space 10240K,  45% used [0x3c040000, 0x3c4c4988, 0x3c4c4a00, 0x3ca40000)
    rw space 12288K,  54% used [0x3ca40000, 0x3d0c8030, 0x3d0c8200, 0x3d640000)
Event: 151.935 GC heap after
Heap after GC invocations=19 (full 1):
 def new generation   total 4992K, used 242K [0x28040000, 0x285a0000, 0x2d590000)
  eden space 4480K,   0% used [0x28040000, 0x28040000, 0x284a0000)
  from space 512K,  47% used [0x284a0000, 0x284dc828, 0x28520000)
  to   space 512K,   0% used [0x28520000, 0x28520000, 0x285a0000)
 tenured generation   total 10944K, used 8027K [0x2d590000, 0x2e040000, 0x38040000)
   the space 10944K,  73% used [0x2d590000, 0x2dd66c30, 0x2dd66e00, 0x2e040000)
 compacting perm gen  total 12288K, used 3282K [0x38040000, 0x38c40000, 0x3c040000)
   the space 12288K,  26% used [0x38040000, 0x38374b20, 0x38374c00, 0x38c40000)
    ro space 10240K,  45% used [0x3c040000, 0x3c4c4988, 0x3c4c4a00, 0x3ca40000)
    rw space 12288K,  54% used [0x3ca40000, 0x3d0c8030, 0x3d0c8200, 0x3d640000)
}

