# JRE version: 7.0_06-b24
# Java VM: Java HotSpot(TM) Client VM (23.2-b09 mixed mode, sharing windows-x86 )
Heap
 def new generation   total 4928K, used 1072K [0x28040000, 0x28590000, 0x2d590000)
  eden space 4416K,  17% used [0x28040000, 0x280fc560, 0x28490000)
  from space 512K,  62% used [0x28510000, 0x2855fc50, 0x28590000)
  to   space 512K,   0% used [0x28490000, 0x28490000, 0x28510000)
 tenured generation   total 10944K, used 9018K [0x2d590000, 0x2e040000, 0x38040000)
   the space 10944K,  82% used [0x2d590000, 0x2de5eb88, 0x2de5ec00, 0x2e040000)
 compacting perm gen  total 12288K, used 3227K [0x38040000, 0x38c40000, 0x3c040000)
   the space 12288K,  26% used [0x38040000, 0x38366f48, 0x38367000, 0x38c40000)
    ro space 10240K,  45% used [0x3c040000, 0x3c4c4988, 0x3c4c4a00, 0x3ca40000)
    rw space 12288K,  54% used [0x3ca40000, 0x3d0c8030, 0x3d0c8200, 0x3d640000)
GC Heap History (10 events):
Event: 11.100 GC heap before
{Heap before GC invocations=4 (full 0):
 def new generation   total 4928K, used 4238K [0x28040000, 0x28590000, 0x2d590000)
  eden space 4416K,  84% used [0x28040000, 0x283e3868, 0x28490000)
  from space 512K, 100% used [0x28490000, 0x28510000, 0x28510000)
  to   space 512K,   0% used [0x28510000, 0x28510000, 0x28590000)
 tenured generation   total 10944K, used 4057K [0x2d590000, 0x2e040000, 0x38040000)
   the space 10944K,  37% used [0x2d590000, 0x2d9867e8, 0x2d986800, 0x2e040000)
 compacting perm gen  total 12288K, used 3057K [0x38040000, 0x38c40000, 0x3c040000)
   the space 12288K,  24% used [0x38040000, 0x3833c6e0, 0x3833c800, 0x38c40000)
    ro space 10240K,  45% used [0x3c040000, 0x3c4c4988, 0x3c4c4a00, 0x3ca40000)
    rw space 12288K,  54% used [0x3ca40000, 0x3d0c8030, 0x3d0c8200, 0x3d640000)
Event: 11.105 GC heap after
Heap after GC invocations=5 (full 0):
 def new generation   total 4928K, used 434K [0x28040000, 0x28590000, 0x2d590000)
  eden space 4416K,   0% used [0x28040000, 0x28040000, 0x28490000)
  from space 512K,  84% used [0x28510000, 0x2857caa0, 0x28590000)
  to   space 512K,   0% used [0x28490000, 0x28490000, 0x28510000)
 tenured generation   total 10944K, used 4523K [0x2d590000, 0x2e040000, 0x38040000)
   the space 10944K,  41% used [0x2d590000, 0x2d9fae70, 0x2d9fb000, 0x2e040000)
 compacting perm gen  total 12288K, used 3057K [0x38040000, 0x38c40000, 0x3c040000)
   the space 12288K,  24% used [0x38040000, 0x3833c6e0, 0x3833c800, 0x38c40000)
    ro space 10240K,  45% used [0x3c040000, 0x3c4c4988, 0x3c4c4a00, 0x3ca40000)
    rw space 12288K,  54% used [0x3ca40000, 0x3d0c8030, 0x3d0c8200, 0x3d640000)
}
Event: 11.217 GC heap before
{Heap before GC invocations=5 (full 0):
 def new generation   total 4928K, used 4850K [0x28040000, 0x28590000, 0x2d590000)
  eden space 4416K, 100% used [0x28040000, 0x28490000, 0x28490000)
  from space 512K,  84% used [0x28510000, 0x2857caa0, 0x28590000)
  to   space 512K,   0% used [0x28490000, 0x28490000, 0x28510000)
 tenured generation   total 10944K, used 4523K [0x2d590000, 0x2e040000, 0x38040000)
   the space 10944K,  41% used [0x2d590000, 0x2d9fae70, 0x2d9fb000, 0x2e040000)
 compacting perm gen  total 12288K, used 3083K [0x38040000, 0x38c40000, 0x3c040000)
   the space 12288K,  25% used [0x38040000, 0x38342ed8, 0x38343000, 0x38c40000)
    ro space 10240K,  45% used [0x3c040000, 0x3c4c4988, 0x3c4c4a00, 0x3ca40000)
    rw space 12288K,  54% used [0x3ca40000, 0x3d0c8030, 0x3d0c8200, 0x3d640000)
Event: 11.223 GC heap after
Heap after GC invocations=6 (full 0):
 def new generation   total 4928K, used 185K [0x28040000, 0x28590000, 0x2d590000)
  eden space 4416K,   0% used [0x28040000, 0x28040000, 0x28490000)
  from space 512K,  36% used [0x28490000, 0x284be470, 0x28510000)
  to   space 512K,   0% used [0x28510000, 0x28510000, 0x28590000)
 tenured generation   total 10944K, used 8206K [0x2d590000, 0x2e040000, 0x38040000)
   the space 10944K,  74% used [0x2d590000, 0x2dd93a50, 0x2dd93c00, 0x2e040000)
 compacting perm gen  total 12288K, used 3083K [0x38040000, 0x38c40000, 0x3c040000)
   the space 12288K,  25% used [0x38040000, 0x38342ed8, 0x38343000, 0x38c40000)
    ro space 10240K,  45% used [0x3c040000, 0x3c4c4988, 0x3c4c4a00, 0x3ca40000)
    rw space 12288K,  54% used [0x3ca40000, 0x3d0c8030, 0x3d0c8200, 0x3d640000)
}
Event: 14.493 GC heap before
{Heap before GC invocations=6 (full 0):
 def new generation   total 4928K, used 4601K [0x28040000, 0x28590000, 0x2d590000)
  eden space 4416K, 100% used [0x28040000, 0x28490000, 0x28490000)
  from space 512K,  36% used [0x28490000, 0x284be470, 0x28510000)
  to   space 512K,   0% used [0x28510000, 0x28510000, 0x28590000)
 tenured generation   total 10944K, used 8206K [0x2d590000, 0x2e040000, 0x38040000)
   the space 10944K,  74% used [0x2d590000, 0x2dd93a50, 0x2dd93c00, 0x2e040000)
 compacting perm gen  total 12288K, used 3220K [0x38040000, 0x38c40000, 0x3c040000)
   the space 12288K,  26% used [0x38040000, 0x38365290, 0x38365400, 0x38c40000)
    ro space 10240K,  45% used [0x3c040000, 0x3c4c4988, 0x3c4c4a00, 0x3ca40000)
    rw space 12288K,  54% used [0x3ca40000, 0x3d0c8030, 0x3d0c8200, 0x3d640000)
Event: 14.498 GC heap after
Heap after GC invocations=7 (full 0):
 def new generation   total 4928K, used 512K [0x28040000, 0x28590000, 0x2d590000)
  eden space 4416K,   0% used [0x28040000, 0x28040000, 0x28490000)
  from space 512K, 100% used [0x28510000, 0x28590000, 0x28590000)
  to   space 512K,   0% used [0x28490000, 0x28490000, 0x28510000)
 tenured generation   total 10944K, used 8513K [0x2d590000, 0x2e040000, 0x38040000)
   the space 10944K,  77% used [0x2d590000, 0x2dde0430, 0x2dde0600, 0x2e040000)
 compacting perm gen  total 12288K, used 3220K [0x38040000, 0x38c40000, 0x3c040000)
   the space 12288K,  26% used [0x38040000, 0x38365290, 0x38365400, 0x38c40000)
    ro space 10240K,  45% used [0x3c040000, 0x3c4c4988, 0x3c4c4a00, 0x3ca40000)
    rw space 12288K,  54% used [0x3ca40000, 0x3d0c8030, 0x3d0c8200, 0x3d640000)
}
Event: 19.783 GC heap before
{Heap before GC invocations=7 (full 0):
 def new generation   total 4928K, used 4928K [0x28040000, 0x28590000, 0x2d590000)
  eden space 4416K, 100% used [0x28040000, 0x28490000, 0x28490000)
  from space 512K, 100% used [0x28510000, 0x28590000, 0x28590000)
  to   space 512K,   0% used [0x28490000, 0x28490000, 0x28510000)
 tenured generation   total 10944K, used 8513K [0x2d590000, 0x2e040000, 0x38040000)
   the space 10944K,  77% used [0x2d590000, 0x2dde0430, 0x2dde0600, 0x2e040000)
 compacting perm gen  total 12288K, used 3224K [0x38040000, 0x38c40000, 0x3c040000)
   the space 12288K,  26% used [0x38040000, 0x38366298, 0x38366400, 0x38c40000)
    ro space 10240K,  45% used [0x3c040000, 0x3c4c4988, 0x3c4c4a00, 0x3ca40000)
    rw space 12288K,  54% used [0x3ca40000, 0x3d0c8030, 0x3d0c8200, 0x3d640000)
Event: 19.790 GC heap after
Heap after GC invocations=8 (full 0):
 def new generation   total 4928K, used 254K [0x28040000, 0x28590000, 0x2d590000)
  eden space 4416K,   0% used [0x28040000, 0x28040000, 0x28490000)
  from space 512K,  49% used [0x28490000, 0x284cfb98, 0x28510000)
  to   space 512K,   0% used [0x28510000, 0x28510000, 0x28590000)
 tenured generation   total 10944K, used 9018K [0x2d590000, 0x2e040000, 0x38040000)
   the space 10944K,  82% used [0x2d590000, 0x2de5eb88, 0x2de5ec00, 0x2e040000)
 compacting perm gen  total 12288K, used 3224K [0x38040000, 0x38c40000, 0x3c040000)
   the space 12288K,  26% used [0x38040000, 0x38366298, 0x38366400, 0x38c40000)
    ro space 10240K,  45% used [0x3c040000, 0x3c4c4988, 0x3c4c4a00, 0x3ca40000)
    rw space 12288K,  54% used [0x3ca40000, 0x3d0c8030, 0x3d0c8200, 0x3d640000)
}
Event: 32.256 GC heap before
{Heap before GC invocations=8 (full 0):
 def new generation   total 4928K, used 4670K [0x28040000, 0x28590000, 0x2d590000)
  eden space 4416K, 100% used [0x28040000, 0x28490000, 0x28490000)
  from space 512K,  49% used [0x28490000, 0x284cfb98, 0x28510000)
  to   space 512K,   0% used [0x28510000, 0x28510000, 0x28590000)
 tenured generation   total 10944K, used 9018K [0x2d590000, 0x2e040000, 0x38040000)
   the space 10944K,  82% used [0x2d590000, 0x2de5eb88, 0x2de5ec00, 0x2e040000)
 compacting perm gen  total 12288K, used 3224K [0x38040000, 0x38c40000, 0x3c040000)
   the space 12288K,  26% used [0x38040000, 0x38366308, 0x38366400, 0x38c40000)
    ro space 10240K,  45% used [0x3c040000, 0x3c4c4988, 0x3c4c4a00, 0x3ca40000)
    rw space 12288K,  54% used [0x3ca40000, 0x3d0c8030, 0x3d0c8200, 0x3d640000)
Event: 32.259 GC heap after
Heap after GC invocations=9 (full 0):
 def new generation   total 4928K, used 319K [0x28040000, 0x28590000, 0x2d590000)
  eden space 4416K,   0% used [0x28040000, 0x28040000, 0x28490000)
  from space 512K,  62% used [0x28510000, 0x2855fc50, 0x28590000)
  to   space 512K,   0% used [0x28490000, 0x28490000, 0x28510000)
 tenured generation   total 10944K, used 9018K [0x2d590000, 0x2e040000, 0x38040000)
   the space 10944K,  82% used [0x2d590000, 0x2de5eb88, 0x2de5ec00, 0x2e040000)
 compacting perm gen  total 12288K, used 3224K [0x38040000, 0x38c40000, 0x3c040000)
   the space 12288K,  26% used [0x38040000, 0x38366308, 0x38366400, 0x38c40000)
    ro space 10240K,  45% used [0x3c040000, 0x3c4c4988, 0x3c4c4a00, 0x3ca40000)
    rw space 12288K,  54% used [0x3ca40000, 0x3d0c8030, 0x3d0c8200, 0x3d640000)
}

